0 info it worked if it ends with ok
1 verbose cli [ '/Users/snowbum/.nvm/v4.1.1/bin/node',
1 verbose cli   '/Users/snowbum/.nvm/v4.1.1/bin/npm',
1 verbose cli   'start' ]
2 info using npm@2.14.4
3 info using node@v4.1.1
4 verbose config Skipping project config: /Users/snowbum/.npmrc. (matches userconfig)
5 verbose stack Error: ENOENT: no such file or directory, open '/Users/snowbum/package.json'
5 verbose stack     at Error (native)
6 verbose cwd /Users/snowbum/dev/UVU-DGM3760/dgm3760
7 error Darwin 14.0.0
8 error argv "/Users/snowbum/.nvm/v4.1.1/bin/node" "/Users/snowbum/.nvm/v4.1.1/bin/npm" "start"
9 error node v4.1.1
10 error npm  v2.14.4
11 error path /Users/snowbum/package.json
12 error code ENOENT
13 error errno -2
14 error syscall open
15 error enoent ENOENT: no such file or directory, open '/Users/snowbum/package.json'
15 error enoent This is most likely not a problem with npm itself
15 error enoent and is related to npm not being able to find a file.
16 verbose exit [ -2, true ]
